\BOOKMARK [1][-]{Doc-Start}{\376\377\122\115\212\000}{}% 1
\BOOKMARK [1][-]{section.1}{\376\377\145\164\145\160\163\257\000Z\166\204\133\214\131\007\123\026}{}% 2
\BOOKMARK [2][-]{subsection.1.1}{\376\377\163\257\116\012\215\113\120\074\127\372\170\100}{section.1}% 3
\BOOKMARK [2][-]{subsection.1.2}{\376\377\116\011\116\052\162\171\153\212\215\113\120\074\116\016\000O\000s\000t\000r\000o\000w\000s\000k\000i\133\232\164\006}{section.1}% 4
\BOOKMARK [2][-]{subsection.1.3}{\376\377\000Z\166\204\116\000\171\315\133\214\131\007\123\026\176\323\147\234}{section.1}% 5
\BOOKMARK [2][-]{subsection.1.4}{\376\377\147\054\202\202\134\017\176\323}{section.1}% 6
\BOOKMARK [1][-]{section.2}{\376\377\000W\000i\000t\000t\124\021\221\317\137\025\121\145}{}% 7
\BOOKMARK [2][-]{subsection.2.1}{\376\377\000Z\000p\210\150\171\072\154\325}{section.2}% 8
\BOOKMARK [2][-]{subsection.2.2}{\376\377\000W\000i\000t\000t\124\021\221\317\166\204\116\343\145\160\200\314\146\157}{section.2}% 9
\BOOKMARK [1][-]{section.3}{\376\377\165\050\000n\0000\000F\000p\210\150\171\072\000Z\000p}{}% 10
\BOOKMARK [2][-]{subsection.3.1}{\376\377\000W\000i\000t\000t\131\032\230\171\137\017}{section.3}% 11
\BOOKMARK [2][-]{subsection.3.2}{\376\377\000W\000i\000t\000t\124\021\221\317\166\204\163\257\176\323\147\204}{section.3}% 12
\BOOKMARK [3][-]{subsubsection.3.2.1}{\376\377\152\041\164\006\140\363\124\014\117\131\173\200\217\360}{subsection.3.2}% 13
\BOOKMARK [3][-]{subsubsection.3.2.2}{\376\377\163\257\217\320\173\227\134\001\225\355\140\047}{subsection.3.2}% 14
\BOOKMARK [3][-]{subsubsection.3.2.3}{\376\377\121\166\116\326\163\257\147\141\116\366\166\204\232\214\213\301}{subsection.3.2}% 15
\BOOKMARK [2][-]{subsection.3.3}{\376\377\123\237\120\317\226\306\116\072\000W\000i\000t\000t\124\021\221\317\163\257\166\204\163\257\140\001\134\004}{section.3}% 16
\BOOKMARK [3][-]{subsubsection.3.3.1}{\376\377\000T\000e\000i\000c\000h\000m\000\374\000l\000l\000e\000r\143\320\123\107\173\200\217\360}{subsection.3.3}% 17
\BOOKMARK [3][-]{subsubsection.3.3.2}{\376\377\140\001\134\004\140\047\232\214\213\301}{subsection.3.3}% 18
\BOOKMARK [1][-]{appendix.A}{\376\377\226\104\137\125}{}% 19
\BOOKMARK [2][-]{subsection.A.1}{\376\377\121\163\116\216\176\304\124\010\145\160\146\057\145\164\145\160\166\204\116\000\171\315\116\045\150\074\213\301\146\016}{appendix.A}% 20
\BOOKMARK [2][-]{subsection.A.2}{\376\377\133\214\131\007\123\026\166\204\202\345\136\162\225\356\230\230\213\364\146\016}{appendix.A}% 21
\BOOKMARK [1][-]{Item.203}{\376\377\175\042\137\025}{}% 22
\BOOKMARK [1][-]{Item.203}{\376\377\123\302\200\003\145\207\163\056}{}% 23
\BOOKMARK [1][-]{Item.203}{\376\377\201\364\214\042}{}% 24
