This is XeTeX, Version 3.14159265-2.6-0.999992 (TeX Live 2020/W32TeX) (preloaded format=xelatex 2021.3.29)  4 AUG 2021 15:23
entering extended mode
 restricted \write18 enabled.
 %&-line parsing enabled.
**Witt向量简介.tex
(./Witt向量简介.tex
LaTeX2e <2020-02-02> patch level 5
L3 programming layer <2020-03-06>
(c:/texlive/2020/texmf-dist/tex/latex/ctex/ctexart.cls
(c:/texlive/2020/texmf-dist/tex/latex/l3kernel/expl3.sty
Package: expl3 2020-03-06 L3 programming layer (loader) 

(c:/texlive/2020/texmf-dist/tex/latex/l3backend/l3backend-xdvipdfmx.def
File: l3backend-xdvipdfmx.def 2020-03-12 L3 backend support: xdvipdfmx
\g__graphics_track_int=\count163
\l__pdf_internal_box=\box45
\g__pdf_backend_object_int=\count164
\g__pdf_backend_annotation_int=\count165
))
Document Class: ctexart 2019/05/29 v2.4.16 Chinese adapter for class article (C
TEX)
(c:/texlive/2020/texmf-dist/tex/latex/l3packages/xparse/xparse.sty
Package: xparse 2020-03-06 L3 Experimental document command parser
\l__xparse_current_arg_int=\count166
\g__xparse_grabber_int=\count167
\l__xparse_m_args_int=\count168
\l__xparse_v_nesting_int=\count169
)
(c:/texlive/2020/texmf-dist/tex/latex/l3packages/l3keys2e/l3keys2e.sty
Package: l3keys2e 2020-03-06 LaTeX2e option processing using LaTeX3 keys
)
(c:/texlive/2020/texmf-dist/tex/latex/ctex/ctexhook.sty
Package: ctexhook 2019/05/29 v2.4.16 Document and package hooks (CTEX)
)
(c:/texlive/2020/texmf-dist/tex/latex/ctex/ctexpatch.sty
Package: ctexpatch 2019/05/29 v2.4.16 Patching commands (CTEX)
)
(c:/texlive/2020/texmf-dist/tex/latex/base/fix-cm.sty
Package: fix-cm 2015/01/14 v1.1t fixes to LaTeX

(c:/texlive/2020/texmf-dist/tex/latex/base/ts1enc.def
File: ts1enc.def 2001/06/05 v3.0e (jk/car/fm) Standard LaTeX file
LaTeX Font Info:    Redeclaring font encoding TS1 on input line 47.
))
(c:/texlive/2020/texmf-dist/tex/latex/ms/everysel.sty
Package: everysel 2011/10/28 v1.2 EverySelectfont Package (MS)
)
\l__ctex_tmp_int=\count170
\l__ctex_tmp_box=\box46
\l__ctex_tmp_dim=\dimen134
\g__ctex_section_depth_int=\count171
\g__ctex_font_size_int=\count172

(c:/texlive/2020/texmf-dist/tex/latex/ctex/config/ctexopts.cfg
File: ctexopts.cfg 2019/05/29 v2.4.16 Option configuration file (CTEX)
)
(c:/texlive/2020/texmf-dist/tex/latex/base/article.cls
Document Class: article 2019/12/20 v1.4l Standard LaTeX document class
(c:/texlive/2020/texmf-dist/tex/latex/base/size10.clo
File: size10.clo 2019/12/20 v1.4l Standard LaTeX file (size option)
)
\c@part=\count173
\c@section=\count174
\c@subsection=\count175
\c@subsubsection=\count176
\c@paragraph=\count177
\c@subparagraph=\count178
\c@figure=\count179
\c@table=\count180
\abovecaptionskip=\skip47
\belowcaptionskip=\skip48
\bibindent=\dimen135
)
(c:/texlive/2020/texmf-dist/tex/latex/ctex/engine/ctex-engine-xetex.def
File: ctex-engine-xetex.def 2019/05/29 v2.4.16 XeLaTeX adapter (CTEX)

(c:/texlive/2020/texmf-dist/tex/xelatex/xecjk/xeCJK.sty
Package: xeCJK 2020/02/18 v3.8.2 Typesetting CJK scripts with XeLaTeX

(c:/texlive/2020/texmf-dist/tex/latex/l3packages/xtemplate/xtemplate.sty
Package: xtemplate 2020-03-06 L3 Experimental prototype document functions
\l__xtemplate_tmp_dim=\dimen136
\l__xtemplate_tmp_int=\count181
\l__xtemplate_tmp_muskip=\muskip16
\l__xtemplate_tmp_skip=\skip49
)
\l__xeCJK_tmp_int=\count182
\l__xeCJK_tmp_box=\box47
\l__xeCJK_tmp_dim=\dimen137
\l__xeCJK_tmp_skip=\skip50
\g__xeCJK_space_factor_int=\count183
\l__xeCJK_begin_int=\count184
\l__xeCJK_end_int=\count185
\c__xeCJK_CJK_class_int=\XeTeXcharclass1
\c__xeCJK_FullLeft_class_int=\XeTeXcharclass2
\c__xeCJK_FullRight_class_int=\XeTeXcharclass3
\c__xeCJK_HalfLeft_class_int=\XeTeXcharclass4
\c__xeCJK_HalfRight_class_int=\XeTeXcharclass5
\c__xeCJK_NormalSpace_class_int=\XeTeXcharclass6
\c__xeCJK_CM_class_int=\XeTeXcharclass7
\c__xeCJK_HangulJamo_class_int=\XeTeXcharclass8
\l__xeCJK_last_skip=\skip51
\g__xeCJK_node_int=\count186
\c__xeCJK_CJK_node_dim=\dimen138
\c__xeCJK_CJK-space_node_dim=\dimen139
\c__xeCJK_default_node_dim=\dimen140
\c__xeCJK_default-space_node_dim=\dimen141
\c__xeCJK_CJK-widow_node_dim=\dimen142
\c__xeCJK_normalspace_node_dim=\dimen143
\l__xeCJK_ccglue_skip=\skip52
\l__xeCJK_ecglue_skip=\skip53
\l__xeCJK_punct_kern_skip=\skip54
\l__xeCJK_last_penalty_int=\count187
\l__xeCJK_last_bound_dim=\dimen144
\l__xeCJK_last_kern_dim=\dimen145
\l__xeCJK_widow_penalty_int=\count188

Package xtemplate Info: Declaring object type 'xeCJK/punctuation' taking 0
(xtemplate)             argument(s) on line 2302.

\l__xeCJK_fixed_punct_width_dim=\dimen146
\l__xeCJK_mixed_punct_width_dim=\dimen147
\l__xeCJK_middle_punct_width_dim=\dimen148
\l__xeCJK_fixed_margin_width_dim=\dimen149
\l__xeCJK_mixed_margin_width_dim=\dimen150
\l__xeCJK_middle_margin_width_dim=\dimen151
\l__xeCJK_bound_punct_width_dim=\dimen152
\l__xeCJK_bound_margin_width_dim=\dimen153
\l__xeCJK_margin_minimum_dim=\dimen154
\l__xeCJK_kerning_total_width_dim=\dimen155
\l__xeCJK_same_align_margin_dim=\dimen156
\l__xeCJK_different_align_margin_dim=\dimen157
\l__xeCJK_kerning_margin_width_dim=\dimen158
\l__xeCJK_kerning_margin_minimum_dim=\dimen159
\l__xeCJK_bound_dim=\dimen160
\l__xeCJK_reverse_bound_dim=\dimen161
\l__xeCJK_margin_dim=\dimen162
\l__xeCJK_minimum_bound_dim=\dimen163
\l__xeCJK_kerning_margin_dim=\dimen164
\g__xeCJK_family_int=\count189
\l__xeCJK_fam_int=\count190
\g__xeCJK_fam_allocation_int=\count191
\l__xeCJK_verb_case_int=\count192
\l__xeCJK_verb_exspace_skip=\skip55

(c:/texlive/2020/texmf-dist/tex/latex/fontspec/fontspec.sty
Package: fontspec 2020/02/21 v2.7i Font selection for XeLaTeX and LuaLaTeX

(c:/texlive/2020/texmf-dist/tex/latex/fontspec/fontspec-xetex.sty
Package: fontspec-xetex 2020/02/21 v2.7i Font selection for XeLaTeX and LuaLaTe
X
\l__fontspec_script_int=\count193
\l__fontspec_language_int=\count194
\l__fontspec_strnum_int=\count195
\l__fontspec_tmp_int=\count196
\l__fontspec_tmpa_int=\count197
\l__fontspec_tmpb_int=\count198
\l__fontspec_tmpc_int=\count199
\l__fontspec_em_int=\count266
\l__fontspec_emdef_int=\count267
\l__fontspec_strong_int=\count268
\l__fontspec_strongdef_int=\count269
\l__fontspec_tmpa_dim=\dimen165
\l__fontspec_tmpb_dim=\dimen166
\l__fontspec_tmpc_dim=\dimen167

(c:/texlive/2020/texmf-dist/tex/latex/base/fontenc.sty
Package: fontenc 2020/02/11 v2.0o Standard LaTeX package
)
(c:/texlive/2020/texmf-dist/tex/latex/fontspec/fontspec.cfg)))
(c:/texlive/2020/texmf-dist/tex/xelatex/xecjk/xeCJK.cfg
File: xeCJK.cfg 2020/02/18 v3.8.2 Configuration file for xeCJK package
))
(c:/texlive/2020/texmf-dist/tex/xelatex/xecjk/xeCJKfntef.sty
Package: xeCJKfntef 2020/02/18 v3.8.2 xeCJK font effect

(c:/texlive/2020/texmf-dist/tex/generic/ulem/ulem.sty
\UL@box=\box48
\UL@hyphenbox=\box49
\UL@skip=\skip56
\UL@hook=\toks15
\UL@height=\dimen168
\UL@pe=\count270
\UL@pixel=\dimen169
\ULC@box=\box50
Package: ulem 2019/11/18
\ULdepth=\dimen170
)
\l__xeCJK_space_skip=\skip57
\c__xeCJK_ulem-begin_node_dim=\dimen171
\c__xeCJK_null_box=\box51
\l__xeCJK_fntef_box=\box52
\l__xeCJK_under_symbol_box=\box53
\c__xeCJK_filll_skip=\skip58
)
\ccwd=\dimen172
\l__ctex_ccglue_skip=\skip59
)
\l__ctex_ziju_dim=\dimen173

(c:/texlive/2020/texmf-dist/tex/latex/zhnumber/zhnumber.sty
Package: zhnumber 2019/04/07 v2.7 Typesetting numbers with Chinese glyphs
\l__zhnum_scale_int=\count271

(c:/texlive/2020/texmf-dist/tex/latex/zhnumber/zhnumber-utf8.cfg
File: zhnumber-utf8.cfg 2019/04/07 v2.7 Chinese numerals with UTF8 encoding
))
\l__ctex_heading_skip=\skip60

(c:/texlive/2020/texmf-dist/tex/latex/ctex/scheme/ctex-scheme-chinese-article.d
ef
File: ctex-scheme-chinese-article.def 2019/05/29 v2.4.16 Chinese scheme for art
icle (CTEX)
 (c:/texlive/2020/texmf-dist/tex/latex/ctex/config/ctex-name-utf8.cfg
File: ctex-name-utf8.cfg 2019/05/29 v2.4.16 Caption with encoding UTF8 (CTEX)
))
(c:/texlive/2020/texmf-dist/tex/latex/ctex/ctex-c5size.clo
File: ctex-c5size.clo 2019/05/29 v2.4.16 c5size option (CTEX)
)
(c:/texlive/2020/texmf-dist/tex/latex/ctex/fontset/ctex-fontset-windows.def
File: ctex-fontset-windows.def 2019/05/29 v2.4.16 Windows fonts definition (CTE
X)

(c:/texlive/2020/texmf-dist/tex/latex/ctex/fontset/ctex-fontset-windowsnew.def
File: ctex-fontset-windowsnew.def 2019/05/29 v2.4.16 Windows fonts definition f
or Vista or later version (CTEX)

Package fontspec Info: Could not resolve font "KaiTi/B" (it probably doesn't
(fontspec)             exist).


Package fontspec Info: Could not resolve font "SimHei/I" (it probably doesn't
(fontspec)             exist).


Package fontspec Info: Could not resolve font "SimSun/BI" (it probably doesn't
(fontspec)             exist).


Package fontspec Info: Font family 'SimSun(0)' created for font 'SimSun' with
(fontspec)             options
(fontspec)             [Script={CJK},BoldFont={SimHei},ItalicFont={KaiTi}].
(fontspec)              
(fontspec)              This font family consists of the following NFSS
(fontspec)             series/shapes:
(fontspec)              
(fontspec)             - 'normal' (m/n) with NFSS spec.:
(fontspec)             <->"SimSun/OT:script=hani;language=dflt;"
(fontspec)             - 'small caps'  (m/sc) with NFSS spec.: 
(fontspec)             - 'bold' (b/n) with NFSS spec.:
(fontspec)             <->"SimHei/OT:script=hani;language=dflt;"
(fontspec)             - 'bold small caps'  (b/sc) with NFSS spec.: 
(fontspec)             - 'italic' (m/it) with NFSS spec.:
(fontspec)             <->"KaiTi/OT:script=hani;language=dflt;"
(fontspec)             - 'italic small caps'  (m/scit) with NFSS spec.: 

))) (c:/texlive/2020/texmf-dist/tex/latex/ctex/config/ctex.cfg
File: ctex.cfg 2019/05/29 v2.4.16 Configuration file (CTEX)
)
(c:/texlive/2020/texmf-dist/tex/latex/geometry/geometry.sty
Package: geometry 2020/01/02 v5.9 Page Geometry

(c:/texlive/2020/texmf-dist/tex/latex/graphics/keyval.sty
Package: keyval 2014/10/28 v1.15 key=value parser (DPC)
\KV@toks@=\toks16
)
(c:/texlive/2020/texmf-dist/tex/generic/iftex/ifvtex.sty
Package: ifvtex 2019/10/25 v1.7 ifvtex legacy package. Use iftex instead.

(c:/texlive/2020/texmf-dist/tex/generic/iftex/iftex.sty
Package: iftex 2020/03/06 v1.0d TeX engine tests
))
\Gm@cnth=\count272
\Gm@cntv=\count273
\c@Gm@tempcnt=\count274
\Gm@bindingoffset=\dimen174
\Gm@wd@mp=\dimen175
\Gm@odd@mp=\dimen176
\Gm@even@mp=\dimen177
\Gm@layoutwidth=\dimen178
\Gm@layoutheight=\dimen179
\Gm@layouthoffset=\dimen180
\Gm@layoutvoffset=\dimen181
\Gm@dimlist=\toks17
)
(c:/texlive/2020/texmf-dist/tex/latex/graphics/graphicx.sty
Package: graphicx 2019/11/30 v1.2a Enhanced LaTeX Graphics (DPC,SPQR)

(c:/texlive/2020/texmf-dist/tex/latex/graphics/graphics.sty
Package: graphics 2019/11/30 v1.4a Standard LaTeX Graphics (DPC,SPQR)

(c:/texlive/2020/texmf-dist/tex/latex/graphics/trig.sty
Package: trig 2016/01/03 v1.10 sin cos tan (DPC)
)
(c:/texlive/2020/texmf-dist/tex/latex/graphics-cfg/graphics.cfg
File: graphics.cfg 2016/06/04 v1.11 sample graphics configuration
)
Package graphics Info: Driver file: xetex.def on input line 105.

(c:/texlive/2020/texmf-dist/tex/latex/graphics-def/xetex.def
File: xetex.def 2017/06/24 v5.0h Graphics/color driver for xetex
))
\Gin@req@height=\dimen182
\Gin@req@width=\dimen183
)
(c:/texlive/2020/texmf-dist/tex/latex/titlesec/titlesec.sty
Package: titlesec 2019/10/16 v2.13 Sectioning titles
\ttl@box=\box54
\beforetitleunit=\skip61
\aftertitleunit=\skip62
\ttl@plus=\dimen184
\ttl@minus=\dimen185
\ttl@toksa=\toks18
\titlewidth=\dimen186
\titlewidthlast=\dimen187
\titlewidthfirst=\dimen188
)
(c:/texlive/2020/texmf-dist/tex/latex/tocloft/tocloft.sty
Package: tocloft 2017/08/31 v2.3i parameterised ToC, etc., typesetting
Package tocloft Info: The document has section divisions on input line 51.
\cftparskip=\skip63
\cftbeforetoctitleskip=\skip64
\cftaftertoctitleskip=\skip65
\cftbeforepartskip=\skip66
\cftpartnumwidth=\skip67
\cftpartindent=\skip68
\cftbeforesecskip=\skip69
\cftsecindent=\skip70
\cftsecnumwidth=\skip71
\cftbeforesubsecskip=\skip72
\cftsubsecindent=\skip73
\cftsubsecnumwidth=\skip74
\cftbeforesubsubsecskip=\skip75
\cftsubsubsecindent=\skip76
\cftsubsubsecnumwidth=\skip77
\cftbeforeparaskip=\skip78
\cftparaindent=\skip79
\cftparanumwidth=\skip80
\cftbeforesubparaskip=\skip81
\cftsubparaindent=\skip82
\cftsubparanumwidth=\skip83
\cftbeforeloftitleskip=\skip84
\cftafterloftitleskip=\skip85
\cftbeforefigskip=\skip86
\cftfigindent=\skip87
\cftfignumwidth=\skip88
\c@lofdepth=\count275
\c@lotdepth=\count276
\cftbeforelottitleskip=\skip89
\cftafterlottitleskip=\skip90
\cftbeforetabskip=\skip91
\cfttabindent=\skip92
\cfttabnumwidth=\skip93
)
(c:/texlive/2020/texmf-dist/tex/latex/fancyhdr/fancyhdr.sty
Package: fancyhdr 2019/01/31 v3.10 Extensive control of page headers and footer
s
\f@nch@headwidth=\skip94
\f@nch@O@elh=\skip95
\f@nch@O@erh=\skip96
\f@nch@O@olh=\skip97
\f@nch@O@orh=\skip98
\f@nch@O@elf=\skip99
\f@nch@O@erf=\skip100
\f@nch@O@olf=\skip101
\f@nch@O@orf=\skip102
)
(c:/texlive/2020/texmf-dist/tex/latex/cite/cite.sty
LaTeX Info: Redefining \cite on input line 302.
LaTeX Info: Redefining \nocite on input line 332.
Package: cite 2015/02/27  v 5.5
)
(c:/texlive/2020/texmf-dist/tex/latex/ntheorem/ntheorem.sty
Style `ntheorem', Version 1.33 <2011/08/15>
Package: ntheorem 2011/08/15 1.33
(c:/texlive/2020/texmf-dist/tex/latex/base/ifthen.sty
Package: ifthen 2014/09/29 v1.1c Standard LaTeX ifthen package (DPC)
)
\theorem@style=\toks19
\theorem@@style=\toks20
\theorembodyfont=\toks21
\theoremnumbering=\toks22
\theorempreskipamount=\skip103
\theorempostskipamount=\skip104
\theoremframepreskipamount=\skip105
\theoremframepostskipamount=\skip106
\theoreminframepreskipamount=\skip107
\theoreminframepostskipamount=\skip108
\theorem@preskip=\toks23
\theorem@postskip=\toks24
\theorem@framepreskip=\toks25
\theorem@framepostskip=\toks26
\theorem@inframepreskip=\toks27
\theorem@inframepostskip=\toks28
\theoremindent=\dimen189
\theorem@indent=\dimen190
\theoremrightindent=\dimen191
\theorem@rightindent=\dimen192
\theoremheaderfont=\toks29
\theoremseparator=\toks30
\theoremprework=\toks31
\theorempostwork=\toks32
\theoremsymbol=\toks33
\qedsymbol=\toks34
\theoremkeyword=\toks35
\qedsymbol=\toks36
\thm@topsep=\skip109
\thm@topsepadd=\skip110
Package ntheorem Info: Option `thmmarks' loaded on input line 1175.
\c@endNonectr=\count277
\c@currNonectr=\count278
\mysavskip=\skip111
)
\c@currproofctr=\count279
\c@endproofctr=\count280
\c@proof=\count281
\c@currzhujictr=\count282
\c@endzhujictr=\count283
\c@zhuji=\count284
\c@currdingyictr=\count285
\c@enddingyictr=\count286
\c@dingyi=\count287
\c@curryinlictr=\count288
\c@endyinlictr=\count289
\c@currdinglictr=\count290
\c@enddinglictr=\count291
\c@currtuilunctr=\count292
\c@endtuilunctr=\count293
\c@currmingtictr=\count294
\c@endmingtictr=\count295
\c@currlizictr=\count296
\c@endlizictr=\count297
\c@currsuanfactr=\count298
\c@endsuanfactr=\count299
\c@currxingzhictr=\count300
\c@endxingzhictr=\count301
\c@currdingyi4ctr=\count302
\c@enddingyi4ctr=\count303
\c@dingyi4=\count304
\c@curryinli4ctr=\count305
\c@endyinli4ctr=\count306
\c@currdingli4ctr=\count307
\c@enddingli4ctr=\count308
\c@currtuilun4ctr=\count309
\c@endtuilun4ctr=\count310
\c@currmingti4ctr=\count311
\c@endmingti4ctr=\count312
\c@currlizi4ctr=\count313
\c@endlizi4ctr=\count314
\c@currxingzhi4ctr=\count315
\c@endxingzhi4ctr=\count316
\c@currsuanfa4ctr=\count317
\c@endsuanfa4ctr=\count318

(c:/texlive/2020/texmf-dist/tex/latex/amsfonts/amssymb.sty
Package: amssymb 2013/01/14 v3.01 AMS font symbols

(c:/texlive/2020/texmf-dist/tex/latex/amsfonts/amsfonts.sty
Package: amsfonts 2013/01/14 v3.01 Basic AMSFonts support
\@emptytoks=\toks37
\symAMSa=\mathgroup4
\symAMSb=\mathgroup5
LaTeX Font Info:    Redeclaring math symbol \hbar on input line 98.
LaTeX Font Info:    Overwriting math alphabet `\mathfrak' in version `bold'
(Font)                  U/euf/m/n --> U/euf/b/n on input line 106.
))
(c:/texlive/2020/texmf-dist/tex/latex/base/makeidx.sty
Package: makeidx 2014/09/29 v1.0m Standard LaTeX package
)
\@indexfile=\write3
\openout3 = `Witt向量简介.idx'.


Writing index file Witt向量简介.idx
(c:/texlive/2020/texmf-dist/tex/latex/amsmath/amsmath.sty
Package: amsmath 2020/01/20 v2.17e AMS math features
\@mathmargin=\skip112

For additional information on amsmath, use the `?' option.
(c:/texlive/2020/texmf-dist/tex/latex/amsmath/amstext.sty
Package: amstext 2000/06/29 v2.01 AMS text

(c:/texlive/2020/texmf-dist/tex/latex/amsmath/amsgen.sty
File: amsgen.sty 1999/11/30 v2.0 generic functions
\@emptytoks=\toks38
\ex@=\dimen193
))
(c:/texlive/2020/texmf-dist/tex/latex/amsmath/amsbsy.sty
Package: amsbsy 1999/11/29 v1.2d Bold Symbols
\pmbraise@=\dimen194
)
(c:/texlive/2020/texmf-dist/tex/latex/amsmath/amsopn.sty
Package: amsopn 2016/03/08 v2.02 operator names
)
\inf@bad=\count319
LaTeX Info: Redefining \frac on input line 227.
\uproot@=\count320
\leftroot@=\count321
LaTeX Info: Redefining \overline on input line 389.
\classnum@=\count322
\DOTSCASE@=\count323
LaTeX Info: Redefining \ldots on input line 486.
LaTeX Info: Redefining \dots on input line 489.
LaTeX Info: Redefining \cdots on input line 610.
\Mathstrutbox@=\box55
\strutbox@=\box56
\big@size=\dimen195
LaTeX Font Info:    Redeclaring font encoding OML on input line 733.
LaTeX Font Info:    Redeclaring font encoding OMS on input line 734.
\macc@depth=\count324
\c@MaxMatrixCols=\count325
\dotsspace@=\muskip17
\c@parentequation=\count326
\dspbrk@lvl=\count327
\tag@help=\toks39
\row@=\count328
\column@=\count329
\maxfields@=\count330
\andhelp@=\toks40
\eqnshift@=\dimen196
\alignsep@=\dimen197
\tagshift@=\dimen198
\tagwidth@=\dimen199
\totwidth@=\dimen256
\lineht@=\dimen257
\@envbody=\toks41
\multlinegap=\skip113
\multlinetaggap=\skip114
\mathdisplay@stack=\toks42
LaTeX Info: Redefining \[ on input line 2859.
LaTeX Info: Redefining \] on input line 2860.
)
(c:/texlive/2020/texmf-dist/tex/latex/mathtools/mathtools.sty
Package: mathtools 2020/03/24 v1.24 mathematical typesetting tools

(c:/texlive/2020/texmf-dist/tex/latex/tools/calc.sty
Package: calc 2017/05/25 v4.3 Infix arithmetic (KKT,FJ)
\calc@Acount=\count331
\calc@Bcount=\count332
\calc@Adimen=\dimen258
\calc@Bdimen=\dimen259
\calc@Askip=\skip115
\calc@Bskip=\skip116
LaTeX Info: Redefining \setlength on input line 80.
LaTeX Info: Redefining \addtolength on input line 81.
\calc@Ccount=\count333
\calc@Cskip=\skip117
)
(c:/texlive/2020/texmf-dist/tex/latex/mathtools/mhsetup.sty
Package: mhsetup 2017/03/31 v1.3 programming setup (MH)
)
LaTeX Info: Thecontrolsequence`\('isalreadyrobust on input line 130.
LaTeX Info: Thecontrolsequence`\)'isalreadyrobust on input line 130.
LaTeX Info: Thecontrolsequence`\['isalreadyrobust on input line 130.
LaTeX Info: Thecontrolsequence`\]'isalreadyrobust on input line 130.
\g_MT_multlinerow_int=\count334
\l_MT_multwidth_dim=\dimen260
\origjot=\skip118
\l_MT_shortvdotswithinadjustabove_dim=\dimen261
\l_MT_shortvdotswithinadjustbelow_dim=\dimen262
\l_MT_above_intertext_sep=\dimen263
\l_MT_below_intertext_sep=\dimen264
\l_MT_above_shortintertext_sep=\dimen265
\l_MT_below_shortintertext_sep=\dimen266
\xmathstrut@box=\box57
\xmathstrut@dim=\dimen267
)
(c:/texlive/2020/texmf-dist/tex/generic/xypic/xy.sty
(c:/texlive/2020/texmf-dist/tex/generic/xypic/xy.tex Bootstrap'ing: catcodes,
docmode, (c:/texlive/2020/texmf-dist/tex/generic/xypic/xyrecat.tex)
(c:/texlive/2020/texmf-dist/tex/generic/xypic/xyidioms.tex)

 Xy-pic version 3.8.9 <2013/10/06>
 Copyright (c) 1991-2013 by Kristoffer H. Rose <krisrose@tug.org> and others
 Xy-pic is free software: see the User's Guide for details.

Loading kernel: messages; fonts; allocations: state,
\X@c=\dimen268
\Y@c=\dimen269
\U@c=\dimen270
\D@c=\dimen271
\L@c=\dimen272
\R@c=\dimen273
\Edge@c=\toks43
\X@p=\dimen274
\Y@p=\dimen275
\U@p=\dimen276
\D@p=\dimen277
\L@p=\dimen278
\R@p=\dimen279
\Edge@p=\toks44
\X@origin=\dimen280
\Y@origin=\dimen281
\X@xbase=\dimen282
\Y@xbase=\dimen283
\X@ybase=\dimen284
\Y@ybase=\dimen285
\X@min=\dimen286
\Y@min=\dimen287
\X@max=\dimen288
\Y@max=\dimen289
\lastobjectbox@=\box58
\zerodotbox@=\box59
\almostz@=\dimen290
 direction,
\d@X=\dimen291
\d@Y=\dimen292
\K@=\count335
\KK@=\count336
\Direction=\count337
\K@dXdY=\dimen293
\K@dYdX=\dimen294
\xyread@=\read2
\xywrite@=\write4
\csp@=\count338
\quotPTK@=\dimen295

utility macros; pictures: \xy, positions,
\swaptoks@@=\toks45
\connectobjectbox@@=\box60
 objects,
\styletoks@=\toks46
 decorations;
kernel objects: directionals, circles, text; options; algorithms: directions,
edges, connections;  Xy-pic loaded)
(c:/texlive/2020/texmf-dist/tex/generic/iftex/ifpdf.sty
Package: ifpdf 2019/10/25 v3.4 ifpdf legacy package. Use iftex instead.
)
Package: xy 2013/10/06 Xy-pic version 3.8.9

(c:/texlive/2020/texmf-dist/tex/generic/xypic/xyall.tex
 Xy-pic option: All features v.3.8
(c:/texlive/2020/texmf-dist/tex/generic/xypic/xycurve.tex
 Xy-pic option: Curve and Spline extension v.3.12 curve,
\crv@cnt@=\count339
\crvpts@=\toks47
\splinebox@=\box61
\splineval@=\dimen296
\splinedepth@=\dimen297
\splinetol@=\dimen298
\splinelength@=\dimen299
 circles,
\L@=\dimen300
 loaded)
(c:/texlive/2020/texmf-dist/tex/generic/xypic/xyframe.tex
 Xy-pic option: Frame and Bracket extension v.3.14 loaded)
(c:/texlive/2020/texmf-dist/tex/generic/xypic/xycmtip.tex
 Xy-pic option: Computer Modern tip extension v.3.7
(c:/texlive/2020/texmf-dist/tex/generic/xypic/xytips.tex
 Xy-pic option: More Tips extension v.3.11 loaded) loaded)
(c:/texlive/2020/texmf-dist/tex/generic/xypic/xyline.tex
 Xy-pic option: Line styles extension v.3.10
\xylinethick@=\dimen301
 loaded)
(c:/texlive/2020/texmf-dist/tex/generic/xypic/xyrotate.tex
 Xy-pic option: Rotate and Scale extension v.3.8 loaded)
(c:/texlive/2020/texmf-dist/tex/generic/xypic/xycolor.tex
 Xy-pic option: Colour extension v.3.11 loaded)
(c:/texlive/2020/texmf-dist/tex/generic/xypic/xymatrix.tex
 Xy-pic option: Matrix feature v.3.14
\Row=\count340
\Col=\count341
\queue@=\toks48
\queue@@=\toks49
\qcount@=\count342
\qcount@@=\count343
\matrixsize@=\count344
 loaded)
(c:/texlive/2020/texmf-dist/tex/generic/xypic/xyarrow.tex
 Xy-pic option: Arrow and Path feature v.3.9 path, \ar, loaded)
(c:/texlive/2020/texmf-dist/tex/generic/xypic/xygraph.tex
 Xy-pic option: Graph feature v.3.11 loaded) loaded)
(c:/texlive/2020/texmf-dist/tex/generic/xypic/xypdf.tex
Invalid UTF-8 byte or sequence at line 10 replaced by U+FFFD.
Invalid UTF-8 byte or sequence at line 57 replaced by U+FFFD.

 Xy-pic option: PDF driver v.1.7 Xy-pic pdf driver: `color' extension support
(c:/texlive/2020/texmf-dist/tex/generic/xypic/xypdf-co.tex
Invalid UTF-8 byte or sequence at line 10 replaced by U+FFFD.
Invalid UTF-8 byte or sequence at line 57 replaced by U+FFFD.
 loaded)
Xy-pic pdf driver: `curve' extension support
(c:/texlive/2020/texmf-dist/tex/generic/xypic/xypdf-cu.tex
Invalid UTF-8 byte or sequence at line 10 replaced by U+FFFD.
Invalid UTF-8 byte or sequence at line 57 replaced by U+FFFD.
 loaded)
Xy-pic pdf driver: `frame' extension support
(c:/texlive/2020/texmf-dist/tex/generic/xypic/xypdf-fr.tex
Invalid UTF-8 byte or sequence at line 10 replaced by U+FFFD.
Invalid UTF-8 byte or sequence at line 57 replaced by U+FFFD.
 loaded)
Xy-pic pdf driver: `line' extension support
(c:/texlive/2020/texmf-dist/tex/generic/xypic/xypdf-li.tex
Invalid UTF-8 byte or sequence at line 10 replaced by U+FFFD.
Invalid UTF-8 byte or sequence at line 57 replaced by U+FFFD.
 loaded)
Xy-pic pdf driver: `rotate' extension support
(c:/texlive/2020/texmf-dist/tex/generic/xypic/xypdf-ro.tex
Invalid UTF-8 byte or sequence at line 10 replaced by U+FFFD.
Invalid UTF-8 byte or sequence at line 57 replaced by U+FFFD.
 loaded) loaded))
(c:/texlive/2020/texmf-dist/tex/latex/tools/bm.sty
Package: bm 2019/07/24 v1.2d Bold Symbol Support (DPC/FMi)
\symboldoperators=\mathgroup6
\symboldletters=\mathgroup7
\symboldsymbols=\mathgroup8
LaTeX Font Info:    Redeclaring math alphabet \mathbf on input line 141.
LaTeX Info: Redefining \bm on input line 209.
)
(c:/texlive/2020/texmf-dist/tex/latex/extarrows/extarrows.sty
Package: extarrows 2020/03/12 v1.2.0 Some extensible arrows
)
(c:/texlive/2020/texmf-dist/tex/latex/hyperref/hyperref.sty
Package: hyperref 2020/01/14 v7.00d Hypertext links for LaTeX

(c:/texlive/2020/texmf-dist/tex/generic/ltxcmds/ltxcmds.sty
Package: ltxcmds 2019/12/15 v1.24 LaTeX kernel commands for general use (HO)
)
(c:/texlive/2020/texmf-dist/tex/latex/pdftexcmds/pdftexcmds.sty
Package: pdftexcmds 2019/11/24 v0.31 Utility functions of pdfTeX for LuaTeX (HO
)

(c:/texlive/2020/texmf-dist/tex/generic/infwarerr/infwarerr.sty
Package: infwarerr 2019/12/03 v1.5 Providing info/warning/error messages (HO)
)
Package pdftexcmds Info: \pdf@primitive is available.
Package pdftexcmds Info: \pdf@ifprimitive is available.
Package pdftexcmds Info: \pdfdraftmode not found.
)
(c:/texlive/2020/texmf-dist/tex/generic/kvsetkeys/kvsetkeys.sty
Package: kvsetkeys 2019/12/15 v1.18 Key value parser (HO)
)
(c:/texlive/2020/texmf-dist/tex/generic/kvdefinekeys/kvdefinekeys.sty
Package: kvdefinekeys 2019-12-19 v1.6 Define keys (HO)
)
(c:/texlive/2020/texmf-dist/tex/generic/pdfescape/pdfescape.sty
Package: pdfescape 2019/12/09 v1.15 Implements pdfTeX's escape features (HO)
)
(c:/texlive/2020/texmf-dist/tex/latex/hycolor/hycolor.sty
Package: hycolor 2020-01-27 v1.10 Color options for hyperref/bookmark (HO)
)
(c:/texlive/2020/texmf-dist/tex/latex/letltxmacro/letltxmacro.sty
Package: letltxmacro 2019/12/03 v1.6 Let assignment for LaTeX macros (HO)
)
(c:/texlive/2020/texmf-dist/tex/latex/auxhook/auxhook.sty
Package: auxhook 2019-12-17 v1.6 Hooks for auxiliary files (HO)
)
(c:/texlive/2020/texmf-dist/tex/latex/kvoptions/kvoptions.sty
Package: kvoptions 2019/11/29 v3.13 Key value format for package options (HO)
)
\@linkdim=\dimen302
\Hy@linkcounter=\count345
\Hy@pagecounter=\count346

(c:/texlive/2020/texmf-dist/tex/latex/hyperref/pd1enc.def
File: pd1enc.def 2020/01/14 v7.00d Hyperref: PDFDocEncoding definition (HO)
)
(c:/texlive/2020/texmf-dist/tex/generic/intcalc/intcalc.sty
Package: intcalc 2019/12/15 v1.3 Expandable calculations with integers (HO)
)
(c:/texlive/2020/texmf-dist/tex/generic/etexcmds/etexcmds.sty
Package: etexcmds 2019/12/15 v1.7 Avoid name clashes with e-TeX commands (HO)
)
\Hy@SavedSpaceFactor=\count347
Package hyperref Info: Option `unicode' set `true' on input line 4421.

(c:/texlive/2020/texmf-dist/tex/latex/hyperref/puenc.def
File: puenc.def 2020/01/14 v7.00d Hyperref: PDF Unicode definition (HO)
)
Package hyperref Info: Hyper figures OFF on input line 4547.
Package hyperref Info: Link nesting OFF on input line 4552.
Package hyperref Info: Hyper index ON on input line 4555.
Package hyperref Info: Plain pages OFF on input line 4562.
Package hyperref Info: Backreferencing OFF on input line 4567.
Package hyperref Info: Implicit mode ON; LaTeX internals redefined.
Package hyperref Info: Bookmarks ON on input line 4800.
\c@Hy@tempcnt=\count348

(c:/texlive/2020/texmf-dist/tex/latex/url/url.sty
\Urlmuskip=\muskip18
Package: url 2013/09/16  ver 3.4  Verb mode for urls, etc.
)
LaTeX Info: Redefining \url on input line 5159.
\XeTeXLinkMargin=\dimen303

(c:/texlive/2020/texmf-dist/tex/generic/bitset/bitset.sty
Package: bitset 2019/12/09 v1.3 Handle bit-vector datatype (HO)

(c:/texlive/2020/texmf-dist/tex/generic/bigintcalc/bigintcalc.sty
Package: bigintcalc 2019/12/15 v1.5 Expandable calculations on big integers (HO
)
))
\Fld@menulength=\count349
\Field@Width=\dimen304
\Fld@charsize=\dimen305
Package hyperref Info: Hyper figures OFF on input line 6430.
Package hyperref Info: Link nesting OFF on input line 6435.
Package hyperref Info: Hyper index ON on input line 6438.
Package hyperref Info: backreferencing OFF on input line 6445.
Package hyperref Info: Link coloring OFF on input line 6450.
Package hyperref Info: Link coloring with OCG OFF on input line 6455.
Package hyperref Info: PDF/A mode OFF on input line 6460.
LaTeX Info: Redefining \ref on input line 6500.
LaTeX Info: Redefining \pageref on input line 6504.

(c:/texlive/2020/texmf-dist/tex/generic/atbegshi/atbegshi.sty
Package: atbegshi 2019/12/05 v1.19 At begin shipout hook (HO)
)
\Hy@abspage=\count350
\c@Item=\count351
\c@Hfootnote=\count352
)
Package hyperref Info: Driver (autodetected): hxetex.

(c:/texlive/2020/texmf-dist/tex/latex/hyperref/hxetex.def
File: hxetex.def 2020/01/14 v7.00d Hyperref driver for XeTeX

(c:/texlive/2020/texmf-dist/tex/generic/stringenc/stringenc.sty
Package: stringenc 2019/11/29 v1.12 Convert strings between diff. encodings (HO
)
)
\pdfm@box=\box62
\c@Hy@AnnotLevel=\count353
\HyField@AnnotCount=\count354
\Fld@listcount=\count355
\c@bookmark@seq@number=\count356

(c:/texlive/2020/texmf-dist/tex/latex/rerunfilecheck/rerunfilecheck.sty
Package: rerunfilecheck 2019/12/05 v1.9 Rerun checks for auxiliary files (HO)

(c:/texlive/2020/texmf-dist/tex/latex/atveryend/atveryend.sty
Package: atveryend 2019-12-11 v1.11 Hooks at the very end of document (HO)
Package atveryend Info: \enddocument detected (standard20110627).
)
(c:/texlive/2020/texmf-dist/tex/generic/uniquecounter/uniquecounter.sty
Package: uniquecounter 2019/12/15 v1.4 Provide unlimited unique counter (HO)
)
Package uniquecounter Info: New unique counter `rerunfilecheck' on input line 2
86.
)
\Hy@SectionHShift=\skip119
)
(./Witt向量简介.aux)
\openout1 = `Witt向量简介.aux'.

LaTeX Font Info:    Checking defaults for OML/cmm/m/it on input line 110.
LaTeX Font Info:    ... okay on input line 110.
LaTeX Font Info:    Checking defaults for OMS/cmsy/m/n on input line 110.
LaTeX Font Info:    ... okay on input line 110.
LaTeX Font Info:    Checking defaults for OT1/cmr/m/n on input line 110.
LaTeX Font Info:    ... okay on input line 110.
LaTeX Font Info:    Checking defaults for T1/cmr/m/n on input line 110.
LaTeX Font Info:    ... okay on input line 110.
LaTeX Font Info:    Checking defaults for TS1/cmr/m/n on input line 110.
LaTeX Font Info:    ... okay on input line 110.
LaTeX Font Info:    Checking defaults for TU/lmr/m/n on input line 110.
LaTeX Font Info:    ... okay on input line 110.
LaTeX Font Info:    Checking defaults for OMX/cmex/m/n on input line 110.
LaTeX Font Info:    ... okay on input line 110.
LaTeX Font Info:    Checking defaults for U/cmr/m/n on input line 110.
LaTeX Font Info:    ... okay on input line 110.
LaTeX Font Info:    Checking defaults for PD1/pdf/m/n on input line 110.
LaTeX Font Info:    ... okay on input line 110.
LaTeX Font Info:    Checking defaults for PU/pdf/m/n on input line 110.
LaTeX Font Info:    ... okay on input line 110.
 ABD: EverySelectfont initializing macros
LaTeX Info: Redefining \selectfont on input line 110.

Package fontspec Info: Adjusting the maths setup (use [no-math] to avoid
(fontspec)             this).

\symlegacymaths=\mathgroup9
LaTeX Font Info:    Overwriting symbol font `legacymaths' in version `bold'
(Font)                  OT1/cmr/m/n --> OT1/cmr/bx/n on input line 110.
LaTeX Font Info:    Redeclaring math accent \acute on input line 110.
LaTeX Font Info:    Redeclaring math accent \grave on input line 110.
LaTeX Font Info:    Redeclaring math accent \ddot on input line 110.
LaTeX Font Info:    Redeclaring math accent \tilde on input line 110.
LaTeX Font Info:    Redeclaring math accent \bar on input line 110.
LaTeX Font Info:    Redeclaring math accent \breve on input line 110.
LaTeX Font Info:    Redeclaring math accent \check on input line 110.
LaTeX Font Info:    Redeclaring math accent \hat on input line 110.
LaTeX Font Info:    Redeclaring math accent \dot on input line 110.
LaTeX Font Info:    Redeclaring math accent \mathring on input line 110.
LaTeX Font Info:    Redeclaring math symbol \Gamma on input line 110.
LaTeX Font Info:    Redeclaring math symbol \Delta on input line 110.
LaTeX Font Info:    Redeclaring math symbol \Theta on input line 110.
LaTeX Font Info:    Redeclaring math symbol \Lambda on input line 110.
LaTeX Font Info:    Redeclaring math symbol \Xi on input line 110.
LaTeX Font Info:    Redeclaring math symbol \Pi on input line 110.
LaTeX Font Info:    Redeclaring math symbol \Sigma on input line 110.
LaTeX Font Info:    Redeclaring math symbol \Upsilon on input line 110.
LaTeX Font Info:    Redeclaring math symbol \Phi on input line 110.
LaTeX Font Info:    Redeclaring math symbol \Psi on input line 110.
LaTeX Font Info:    Redeclaring math symbol \Omega on input line 110.
LaTeX Font Info:    Redeclaring math symbol \mathdollar on input line 110.
LaTeX Font Info:    Redeclaring symbol font `operators' on input line 110.
LaTeX Font Info:    Encoding `OT1' has changed to `TU' for symbol font
(Font)              `operators' in the math version `normal' on input line 110.

LaTeX Font Info:    Overwriting symbol font `operators' in version `normal'
(Font)                  OT1/cmr/m/n --> TU/lmr/m/n on input line 110.
LaTeX Font Info:    Encoding `OT1' has changed to `TU' for symbol font
(Font)              `operators' in the math version `bold' on input line 110.
LaTeX Font Info:    Overwriting symbol font `operators' in version `bold'
(Font)                  OT1/cmr/bx/n --> TU/lmr/m/n on input line 110.
LaTeX Font Info:    Overwriting symbol font `operators' in version `normal'
(Font)                  TU/lmr/m/n --> TU/lmr/m/n on input line 110.
LaTeX Font Info:    Overwriting math alphabet `\mathit' in version `normal'
(Font)                  OT1/cmr/m/it --> TU/lmr/m/it on input line 110.
LaTeX Font Info:    Overwriting math alphabet `\mathbf' in version `normal'
(Font)                  OT1/cmr/bx/n --> TU/lmr/b/n on input line 110.
LaTeX Font Info:    Overwriting math alphabet `\mathsf' in version `normal'
(Font)                  OT1/cmss/m/n --> TU/lmss/m/n on input line 110.
LaTeX Font Info:    Overwriting math alphabet `\mathtt' in version `normal'
(Font)                  OT1/cmtt/m/n --> TU/lmtt/m/n on input line 110.
LaTeX Font Info:    Overwriting symbol font `operators' in version `bold'
(Font)                  TU/lmr/m/n --> TU/lmr/b/n on input line 110.
LaTeX Font Info:    Overwriting math alphabet `\mathit' in version `bold'
(Font)                  OT1/cmr/bx/it --> TU/lmr/b/it on input line 110.
LaTeX Font Info:    Overwriting math alphabet `\mathsf' in version `bold'
(Font)                  OT1/cmss/bx/n --> TU/lmss/b/n on input line 110.
LaTeX Font Info:    Overwriting math alphabet `\mathtt' in version `bold'
(Font)                  OT1/cmtt/m/n --> TU/lmtt/b/n on input line 110.

*geometry* driver: auto-detecting
*geometry* detected driver: xetex
*geometry* verbose mode - [ preamble ] result:
* driver: xetex
* paper: a4paper
* layout: <same size as paper>
* layoutoffset:(h,v)=(0.0pt,0.0pt)
* modes: twoside 
* h-part:(L,W,R)=(71.13188pt, 469.47049pt, 56.9055pt)
* v-part:(T,H,B)=(71.13188pt, 717.00946pt, 56.9055pt)
* \paperwidth=597.50787pt
* \paperheight=845.04684pt
* \textwidth=469.47049pt
* \textheight=717.00946pt
* \oddsidemargin=-1.1381pt
* \evensidemargin=-15.36449pt
* \topmargin=-38.1381pt
* \headheight=12.0pt
* \headsep=25.0pt
* \topskip=10.0pt
* \footskip=30.0pt
* \marginparwidth=121.0pt
* \marginparsep=11.0pt
* \columnsep=10.0pt
* \skip\footins=9.0pt plus 4.0pt minus 2.0pt
* \hoffset=0.0pt
* \voffset=0.0pt
* \mag=1000
* \@twocolumnfalse
* \@twosidetrue
* \@mparswitchtrue
* \@reversemarginfalse
* (1in=72.27pt=25.4mm, 1cm=28.453pt)

LaTeX Font Info:    Trying to load font information for U+msa on input line 110
.
(c:/texlive/2020/texmf-dist/tex/latex/amsfonts/umsa.fd
File: umsa.fd 2013/01/14 v3.01 AMS symbols A
)
LaTeX Font Info:    Trying to load font information for U+msb on input line 110
.

(c:/texlive/2020/texmf-dist/tex/latex/amsfonts/umsb.fd
File: umsb.fd 2013/01/14 v3.01 AMS symbols B
)
Package xypdf Info: Line width: 0.42155pt on input line 110.
\AtBeginShipoutBox=\box63
Package hyperref Info: Link coloring OFF on input line 110.

(c:/texlive/2020/texmf-dist/tex/latex/hyperref/nameref.sty
Package: nameref 2019/09/16 v2.46 Cross-referencing by name of section

(c:/texlive/2020/texmf-dist/tex/latex/refcount/refcount.sty
Package: refcount 2019/12/15 v3.6 Data extraction from label references (HO)
)
(c:/texlive/2020/texmf-dist/tex/generic/gettitlestring/gettitlestring.sty
Package: gettitlestring 2019/12/15 v1.6 Cleanup title references (HO)
)
\c@section@level=\count357
)
LaTeX Info: Redefining \ref on input line 110.
LaTeX Info: Redefining \pageref on input line 110.
LaTeX Info: Redefining \nameref on input line 110.

(./Witt向量简介.out) (./Witt向量简介.out)
\@outlinefile=\write5
\openout5 = `Witt向量简介.out'.

File: 汕大校徽.jpg Graphic file (type bmp)
<汕大校徽.jpg>

Package fontspec Info: Could not resolve font "KaiTi/BI" (it probably doesn't
(fontspec)             exist).


Package fontspec Info: Could not resolve font "KaiTi/B" (it probably doesn't
(fontspec)             exist).


Package fontspec Info: Could not resolve font "KaiTi/I" (it probably doesn't
(fontspec)             exist).


Package fontspec Info: Font family 'KaiTi(0)' created for font 'KaiTi' with
(fontspec)             options [Script={CJK}].
(fontspec)              
(fontspec)              This font family consists of the following NFSS
(fontspec)             series/shapes:
(fontspec)              
(fontspec)             - 'normal' (m/n) with NFSS spec.:
(fontspec)             <->"KaiTi/OT:script=hani;language=dflt;"
(fontspec)             - 'small caps'  (m/sc) with NFSS spec.: 

 [1

] [2]

Package fontspec Info: Could not resolve font "SimHei/BI" (it probably doesn't
(fontspec)             exist).


Package fontspec Info: Could not resolve font "SimHei/B" (it probably doesn't
(fontspec)             exist).


Package fontspec Info: Could not resolve font "SimHei/I" (it probably doesn't
(fontspec)             exist).


Package fontspec Info: Font family 'SimHei(0)' created for font 'SimHei' with
(fontspec)             options [Script={CJK}].
(fontspec)              
(fontspec)              This font family consists of the following NFSS
(fontspec)             series/shapes:
(fontspec)              
(fontspec)             - 'normal' (m/n) with NFSS spec.:
(fontspec)             <->"SimHei/OT:script=hani;language=dflt;"
(fontspec)             - 'small caps'  (m/sc) with NFSS spec.: 

 [3] [4]

LaTeX Font Warning: Font shape `TU/SimHei(0)/b/n' undefined
(Font)              using `TU/SimHei(0)/m/n' instead on input line 212.


Package Fancyhdr Warning: \headheight is too small (12.0pt): 
Make it at least 12.64723pt.
We now make it that large for the rest of the document.
This may cause the page layout to be inconsistent, however.

[1] [2] (./Witt向量简介.toc

LaTeX Font Warning: Font shape `TU/KaiTi(0)/b/n' undefined
(Font)              using `TU/KaiTi(0)/m/n' instead on input line 1.

)
\tf@toc=\write6
\openout6 = `Witt向量简介.toc'.

 [3] [4] [1] [2]

Package hyperref Warning: Token not allowed in a PDF string (Unicode):
(hyperref)                removing `math shift' on input line 323.


Package hyperref Warning: Token not allowed in a PDF string (Unicode):
(hyperref)                removing `math shift' on input line 323.

Package hyperref Info: bookmark level for unknown dingyi defaults to 0 on input
 line 341.

LaTeX Font Warning: Font shape `TU/KaiTi(0)/m/it' undefined
(Font)              using `TU/KaiTi(0)/m/n' instead on input line 342.


LaTeX Font Warning: Font shape `TU/SimHei(0)/m/it' undefined
(Font)              using `TU/SimHei(0)/m/n' instead on input line 343.

Package hyperref Info: bookmark level for unknown mingti defaults to 0 on input
 line 353.

LaTeX Font Warning: Font shape `TU/SimHei(0)/b/it' undefined
(Font)              using `TU/SimHei(0)/b/n' instead on input line 365.

Package hyperref Info: bookmark level for unknown proof defaults to 0 on input 
line 365.
[3] [4] [5]
Package hyperref Info: bookmark level for unknown tuilun defaults to 0 on input
 line 585.
 [6] [7] [8] [9]
Package hyperref Info: bookmark level for unknown zhuji defaults to 0 on input 
line 815.
 [10] [11] [12] [13] [14] [15] [16]
Package hyperref Info: bookmark level for unknown yinli defaults to 0 on input 
line 1268.
 [17] [18]
[19]
Package hyperref Info: bookmark level for unknown dingli defaults to 0 on input
 line 1429.
 [20] [21] [22]
Underfull \vbox (badness 1147) has occurred while \output is active []

 [23]
[24] [25] [26]

Package hyperref Warning: Token not allowed in a PDF string (Unicode):
(hyperref)                removing `math shift' on input line 1697.


Package hyperref Warning: Token not allowed in a PDF string (Unicode):
(hyperref)                removing `math shift' on input line 1697.

Package hyperref Info: bookmark level for unknown lizi defaults to 0 on input l
ine 1710.
[27] [28] [29] [30] [31] [32]
LaTeX Font Info:    Trying to load font information for U+euf on input line 209
8.

(c:/texlive/2020/texmf-dist/tex/latex/amsfonts/ueuf.fd
File: ueuf.fd 2013/01/14 v3.01 Euler Fraktur
) [33] [34] [35] [36]
File: likewise.pdf Graphic file (type pdf)
<use likewise.pdf>

Overfull \hbox (9.79892pt too wide) in paragraph at lines 2345--2346
[][] 
 []

[37] [38]

Package hyperref Warning: Token not allowed in a PDF string (Unicode):
(hyperref)                removing `math shift' on input line 2358.


Package hyperref Warning: Token not allowed in a PDF string (Unicode):
(hyperref)                removing `subscript' on input line 2358.


Package hyperref Warning: Token not allowed in a PDF string (Unicode):
(hyperref)                removing `math shift' on input line 2358.

[39] [40] [41] [42]
Overfull \hbox (43.59239pt too wide) in paragraph at lines 2608--2612
\TU/KaiTi(0)/m/n/12.045 仿 $\U/msb/m/n/12.045 Z\OT1/cmr/m/n/12.045 /\OML/cmm/m/i
t/12.045 p\U/msb/m/n/12.045 Z \OT1/cmr/m/n/12.045 = []$\TU/lmr/m/it/12.045 , \T
U/KaiTi(0)/m/n/12.045 可 记 $[]\OT1/cmr/m/n/12.045 /\OML/cmm/m/it/12.045 p[] \OT1
/cmr/m/n/12.045 = []$\TU/lmr/m/it/12.045 , \TU/KaiTi(0)/m/n/12.045 其 中 $[] \OT1
/cmr/m/n/12.045 := []$\TU/lmr/m/it/12.045 .
 []

[43] <xymatrix 2x1

Package xypdf Warning: The produced DVI file is NOT PORTABLE. Convert it with
dvipdfm(x) to the PDF format but do not expect the DVI file itself to be
displayed correctly.

106>
Package hyperref Info: bookmark level for unknown suanfa defaults to 0 on input
 line 2678.
 [44] [45] [46] [47] [48] <xymatrix 2x1 106> [49] [50]

Package hyperref Warning: Token not allowed in a PDF string (Unicode):
(hyperref)                removing `math shift' on input line 3009.


Package hyperref Warning: Token not allowed in a PDF string (Unicode):
(hyperref)                removing `\prod@' on input line 3009.


Package hyperref Warning: Token not allowed in a PDF string (Unicode):
(hyperref)                removing `\slimits@' on input line 3009.


Package hyperref Warning: Token not allowed in a PDF string (Unicode):
(hyperref)                removing `subscript' on input line 3009.


Package hyperref Warning: Token not allowed in a PDF string (Unicode):
(hyperref)                removing `\ge' on input line 3009.


Package hyperref Warning: Token not allowed in a PDF string (Unicode):
(hyperref)                removing `superscript' on input line 3009.


Package hyperref Warning: Token not allowed in a PDF string (Unicode):
(hyperref)                removing `subscript' on input line 3009.


Package hyperref Warning: Token not allowed in a PDF string (Unicode):
(hyperref)                removing `math shift' on input line 3009.


Package hyperref Warning: Token not allowed in a PDF string (Unicode):
(hyperref)                removing `math shift' on input line 3009.


Package hyperref Warning: Token not allowed in a PDF string (Unicode):
(hyperref)                removing `subscript' on input line 3009.


Package hyperref Warning: Token not allowed in a PDF string (Unicode):
(hyperref)                removing `math shift' on input line 3009.

[51] [52]
Overfull \hbox (12.03499pt too wide) in paragraph at lines 3131--3133
\TU/KaiTi(0)/m/n/12.045 由 $[]\OML/cmm/m/it/12.045 ;  [];  []  ;  []\OT1/cmr/m/n
/12.045 ;  []\OML/cmm/m/it/12.045 ;  [];  []  ;  []\OT1/cmr/m/n/12.045 ;  [] \O
MS/cmsy/m/n/12.045 2 \OML/cmm/m/it/12.045 Z[] []$ \TU/KaiTi(0)/m/n/12.045 和 多 项
 式 环 $\OML/cmm/m/it/12.045 Z[] []$
 []


Overfull \hbox (18.74239pt too wide) in paragraph at lines 3145--3146
[]\TU/KaiTi(0)/m/n/12.045 现 在 考 虑 由 两 个 序 列 $\OML/cmm/m/it/12.045 X$ \TU/KaiTi(
0)/m/n/12.045 和 $\OML/cmm/m/it/12.045 Y$ \TU/KaiTi(0)/m/n/12.045 分 别 导 出 的 两 个 
\TU/lmr/m/n/12.045 Witt \TU/KaiTi(0)/m/n/12.045 多 项 式 组 $[]$ 和 $[]$\TU/lmr/m/n/
12.045 .
 []


Overfull \hbox (10.28369pt too wide) in paragraph at lines 3161--3163
\TU/KaiTi(0)/m/n/12.045 假 设 对 $[]$ 的 前 $\OML/cmm/m/it/12.045 k$ \TU/KaiTi(0)/m/
n/12.045 个 分 量 都 成 立 $[] \OMS/cmsy/m/n/12.045 2 \OML/cmm/m/it/12.045 Z[] []$\TU
/lmr/m/it/12.045 , $\OML/cmm/m/it/12.045 i \OT1/cmr/m/n/12.045 = 0\OML/cmm/m/it
/12.045 ;  \OT1/cmr/m/n/12.045 1\OML/cmm/m/it/12.045 ;  []  ;  k \OMS/cmsy/m/n/
12.045 ^^@
 []

[53] [54] [55] [56] [57]
Package hyperref Info: bookmark level for unknown dingyi4 defaults to 0 on inpu
t line 3324.
Package hyperref Info: bookmark level for unknown dingli4 defaults to 0 on inpu
t line 3336.
Package hyperref Info: bookmark level for unknown xingzhi4 defaults to 0 on inp
ut line 3360.
 [58] [59]
Package hyperref Info: bookmark level for unknown yinli4 defaults to 0 on input
 line 3464.
 [60]
Overfull \hbox (11.86371pt too wide) in paragraph at lines 3535--3536
[]\TU/KaiTi(0)/m/n/12.045 设 $\OMS/cmsy/m/n/12.045 =$ \TU/KaiTi(0)/m/n/12.045 是 
一 个 含 幺 交 换 环\TU/lmr/m/it/12.045 , $\OML/cmm/m/it/12.045 p \OMS/cmsy/m/n/12.045
 6\OT1/cmr/m/n/12.045 = [] []$ \TU/KaiTi(0)/m/n/12.045 是 一 个 素 数\TU/lmr/m/it/12
.045 , $\OML/cmm/b/it/12.045 p \OT1/cmr/m/n/12.045 := [][] []$\TU/lmr/m/it/12.0
45 .
 []

Package hyperref Info: bookmark level for unknown mingti4 defaults to 0 on inpu
t line 3546.
[61]
Package hyperref Info: bookmark level for unknown tuilun4 defaults to 0 on inpu
t line 3587.
 [62] [63] [64] <xymatrix 2x3 296> [65] <xymatrix 2x4 451> <xymatrix 2x4
451> [66] <xymatrix 2x3 299> <xymatrix 2x3 299> [67] <xymatrix 2x4 465>
<xymatrix 2x4 465> [68]
Overfull \hbox (16.12163pt too wide) in paragraph at lines 4140--4141
[]$[]$ \TU/KaiTi(0)/m/n/12.045 是 一 个 阿 贝 尔 幺 半 群\TU/lmr/m/it/12.045 , \TU/KaiTi
(0)/m/n/12.045 由 推 论[]\TU/lmr/m/it/12.045 3.2.2.9[], \TU/KaiTi(0)/m/n/12.045 命 
题[]\TU/lmr/m/it/12.045 3.2.3.1[], \TU/KaiTi(0)/m/n/12.045 命 题[]\TU/lmr/m/it/12.
045 3.2.3.2[], \TU/KaiTi(0)/m/n/12.045 命 题[]\TU/lmr/m/it/12.045 3.2.3.3[]\TU/Ka
iTi(0)/m/n/12.045 提
 []

[69] [70] [71] [72] [73] [74] [75] [76]
Overfull \hbox (17.59299pt too wide) in paragraph at lines 4522--4523
[]\TU/KaiTi(0)/m/n/12.045 第 二 步\TU/lmr/m/it/12.045 , \TU/KaiTi(0)/m/n/12.045 基 
于 第 一 步 的 结 论\TU/lmr/m/it/12.045 , $\OMS/cmsy/m/n/12.045 8\OML/cmm/m/it/12.045 
x;  y \OMS/cmsy/m/n/12.045 2 \OML/cmm/m/it/12.045 ^^T$\TU/lmr/m/it/12.045 , \TU
/KaiTi(0)/m/n/12.045 任 意 取 定 $\OML/cmm/m/it/12.045 xy;  x;  y$ \TU/KaiTi(0)/m/n
/12.045 的 一 个 原 像 $[]\OML/cmm/m/it/12.045 ;  [];  []$\TU/lmr/m/it/12.045 ,
 []


Overfull \hbox (0.60176pt too wide) detected at line 4544
[]
 []

[77] [78]
Overfull \hbox (11.86371pt too wide) in paragraph at lines 4640--4641
[]\TU/KaiTi(0)/m/n/12.045 设 $\OMS/cmsy/m/n/12.045 =$ \TU/KaiTi(0)/m/n/12.045 是 
一 个 含 幺 交 换 环\TU/lmr/m/it/12.045 , $\OML/cmm/m/it/12.045 p \OMS/cmsy/m/n/12.045
 6\OT1/cmr/m/n/12.045 = [] []$ \TU/KaiTi(0)/m/n/12.045 是 一 个 素 数\TU/lmr/m/it/12
.045 , $\OML/cmm/b/it/12.045 p \OT1/cmr/m/n/12.045 := [][] []$\TU/lmr/m/it/12.0
45 .
 []

[79]
Package hyperref Info: bookmark level for unknown suanfa4 defaults to 0 on inpu
t line 4667.
 [80] <xymatrix 5x4 634> [81] [82] <xymatrix 2x3 289> <xymatrix 2x3 289>
[83] [84]
Overfull \hbox (10.17708pt too wide) detected at line 5060
\OML/cmm/m/it/12.045 S [] \OT1/cmr/m/n/12.045 = \OML/cmm/m/it/12.045 S[]:
 []


Overfull \hbox (16.07404pt too wide) detected at line 5085
[]
 []

[85] [86] [87] [88] [89] [90] [91] [92] [93] [94] (./Witt向量简介.ind [95

])
[96

] (./Witt向量简介.bbl) [97] [98]
\tf@thm=\write7
\openout7 = `Witt向量简介.thm'.

Package atveryend Info: Empty hook `BeforeClearDocument' on input line 5633.
 [99]
Package atveryend Info: Empty hook `AfterLastShipout' on input line 5633.
 (./Witt向量简介.aux)
Package atveryend Info: Empty hook `AtVeryEndDocument' on input line 5633.
Package atveryend Info: Executing hook `AtEndAfterFileList' on input line 5633.

Package rerunfilecheck Info: File `Witt向量简介.out' has not changed.
(rerunfilecheck)             Checksum: 789C25C2E559E66E320F05A9C797FF88;2678.


LaTeX Font Warning: Some font shapes were not available, defaults substituted.

Package atveryend Info: Empty hook `AtVeryVeryEnd' on input line 5633.
 ) 
Here is how much of TeX's memory you used:
 21887 strings out of 479418
 432152 string characters out of 5888105
 773140 words of memory out of 5000000
 38951 multiletter control sequences out of 15000+600000
 565690 words of font info for 221 fonts, out of 8000000 for 9000
 1348 hyphenation exceptions out of 8191
 56i,26n,68p,3221b,798s stack positions out of 5000i,500n,10000p,200000b,80000s

Output written on Witt向量简介.pdf (107 pages).
